<?xml version="1.0" encoding="UTF-8"?>
<!-- Generated by org.testng.reporters.JUnitReportReporter -->
<testsuite skipped="0" hostname="DESKTOP-LACDK8C" name="test.AddCategoryTest" tests="1" failures="0" timestamp="2022-10-11T23:44:57 EDT" time="3.916" errors="0">
  <testcase name="testingAddCategory" time="3.916" classname="test.AddCategoryTest"/>
  <system-out/>
</testsuite> <!-- test.AddCategoryTest -->
