<?xml version="1.0" encoding="UTF-8"?>
<!-- Generated by org.testng.reporters.JUnitReportReporter -->
<testsuite skipped="0" hostname="DESKTOP-LACDK8C" name="test.DropDownListTest" tests="1" failures="0" timestamp="2022-10-11T23:26:13 EDT" time="4.116" errors="0">
  <testcase name="validateDropDownMenue" time="4.116" classname="test.DropDownListTest"/>
  <system-out/>
</testsuite> <!-- test.DropDownListTest -->
