<?xml version="1.0" encoding="UTF-8"?>
<!-- Generated by org.testng.reporters.JUnitReportReporter -->
<testsuite skipped="0" hostname="DESKTOP-LACDK8C" name="test.DashBoardTest" tests="1" failures="0" timestamp="2022-10-11T19:44:11 EDT" time="6.132" errors="0">
  <testcase name="userShouldBeAbleToAddCategory" time="6.132" classname="test.DashBoardTest"/>
  <system-out/>
</testsuite> <!-- test.DashBoardTest -->
